<?xml version="1.0" encoding="UTF-8"?>
<testng-results ignored="0" total="1" passed="1" failed="0" skipped="0">
  <reporter-output>
  </reporter-output>
  <suite started-at="2024-04-29T14:21:31 EDT" name="Suite" finished-at="2024-04-29T14:21:40 EDT" duration-ms="9768">
    <groups>
      <group name="master">
        <method signature="TC_005_AddToCartPageTest.verify_addToCart()[pri:0, instance:testCases.TC_005_AddToCartPageTest@2a798d51]" name="verify_addToCart" class="testCases.TC_005_AddToCartPageTest"/>
      </group> <!-- master -->
    </groups>
    <test started-at="2024-04-29T14:21:31 EDT" name="Chrome Test" finished-at="2024-04-29T14:21:40 EDT" duration-ms="9768">
      <class name="testCases.TC_005_AddToCartPageTest">
        <test-method is-config="true" signature="setup(java.lang.String,java.lang.String)[pri:0, instance:testCases.TC_005_AddToCartPageTest@2a798d51]" started-at="2024-04-29T14:21:31 EDT" name="setup" finished-at="2024-04-29T14:21:37 EDT" duration-ms="5947" status="PASS">
          <params>
            <param index="0">
              <value>
                <![CDATA[windows]]>
              </value>
            </param>
            <param index="1">
              <value>
                <![CDATA[chrome]]>
              </value>
            </param>
          </params>
          <reporter-output>
          </reporter-output>
        </test-method> <!-- setup -->
        <test-method signature="verify_addToCart()[pri:0, instance:testCases.TC_005_AddToCartPageTest@2a798d51]" started-at="2024-04-29T14:21:37 EDT" name="verify_addToCart" finished-at="2024-04-29T14:21:40 EDT" duration-ms="3280" status="PASS">
          <reporter-output>
          </reporter-output>
        </test-method> <!-- verify_addToCart -->
        <test-method is-config="true" signature="tearDown()[pri:0, instance:testCases.TC_005_AddToCartPageTest@2a798d51]" started-at="2024-04-29T14:21:40 EDT" name="tearDown" finished-at="2024-04-29T14:21:40 EDT" duration-ms="189" status="PASS">
          <reporter-output>
          </reporter-output>
        </test-method> <!-- tearDown -->
      </class> <!-- testCases.TC_005_AddToCartPageTest -->
    </test> <!-- Chrome Test -->
  </suite> <!-- Suite -->
</testng-results>
