<?xml version="1.0" encoding="UTF-8"?>
<testng-results ignored="0" total="1" passed="1" failed="0" skipped="0">
  <reporter-output>
  </reporter-output>
  <suite started-at="2024-04-26T10:54:23 EDT" name="Suite" finished-at="2024-04-26T10:54:31 EDT" duration-ms="7166">
    <groups>
      <group name="master">
        <method signature="TC_004_SearchProductTest.verify_productSearch()[pri:0, instance:testCases.TC_004_SearchProductTest@2a798d51]" name="verify_productSearch" class="testCases.TC_004_SearchProductTest"/>
      </group> <!-- master -->
    </groups>
    <test started-at="2024-04-26T10:54:23 EDT" name="Chrome Test" finished-at="2024-04-26T10:54:31 EDT" duration-ms="7166">
      <class name="testCases.TC_004_SearchProductTest">
        <test-method is-config="true" signature="setup(java.lang.String,java.lang.String)[pri:0, instance:testCases.TC_004_SearchProductTest@2a798d51]" started-at="2024-04-26T10:54:24 EDT" name="setup" finished-at="2024-04-26T10:54:28 EDT" duration-ms="4501" status="PASS">
          <params>
            <param index="0">
              <value>
                <![CDATA[windows]]>
              </value>
            </param>
            <param index="1">
              <value>
                <![CDATA[chrome]]>
              </value>
            </param>
          </params>
          <reporter-output>
          </reporter-output>
        </test-method> <!-- setup -->
        <test-method signature="verify_productSearch()[pri:0, instance:testCases.TC_004_SearchProductTest@2a798d51]" started-at="2024-04-26T10:54:28 EDT" name="verify_productSearch" finished-at="2024-04-26T10:54:30 EDT" duration-ms="2044" status="PASS">
          <reporter-output>
          </reporter-output>
        </test-method> <!-- verify_productSearch -->
        <test-method is-config="true" signature="tearDown()[pri:0, instance:testCases.TC_004_SearchProductTest@2a798d51]" started-at="2024-04-26T10:54:30 EDT" name="tearDown" finished-at="2024-04-26T10:54:31 EDT" duration-ms="267" status="PASS">
          <reporter-output>
          </reporter-output>
        </test-method> <!-- tearDown -->
      </class> <!-- testCases.TC_004_SearchProductTest -->
    </test> <!-- Chrome Test -->
  </suite> <!-- Suite -->
</testng-results>
